app/build/intermediates/manifest_merge_blame_file/debug/manifest-merger-blame-debug-report.txt
1<?xml version="1.0" encoding="utf-8"?>
2<manifest xmlns:android="http://schemas.android.com/apk/res/android"
3    package="com.example.iweather511"
4    android:versionCode="1"
5    android:versionName="1.0" >
6
7    <uses-sdk
8        android:minSdkVersion="21"
8-->src/main/AndroidManifest.xml
9        android:targetSdkVersion="30" />
9-->src/main/AndroidManifest.xml
10
11    <application
11-->src/main/AndroidManifest.xml:5:5-19:19
12        android:allowBackup="true"
12-->src/main/AndroidManifest.xml:6:9-35
13        android:appComponentFactory="androidx.core.app.CoreComponentFactory"
13-->[androidx.core:core:1.6.0] AndroidManifest.xml:24:18-86
14        android:debuggable="true"
15        android:icon="@mipmap/ic_launcher"
15-->src/main/AndroidManifest.xml:7:9-43
16        android:label="@string/app_name"
16-->src/main/AndroidManifest.xml:8:9-41
17        android:roundIcon="@mipmap/ic_launcher_round"
17-->src/main/AndroidManifest.xml:9:9-54
18        android:supportsRtl="true"
18-->src/main/AndroidManifest.xml:10:9-35
19        android:testOnly="true"
20        android:theme="@style/Theme.IWeather511" >
20-->src/main/AndroidManifest.xml:11:9-49
21        <activity android:name="com.example.iweather511.ui.MainActivity" >
21-->src/main/AndroidManifest.xml:12:9-18:20
21-->src/main/AndroidManifest.xml:12:19-50
22            <intent-filter>
22-->src/main/AndroidManifest.xml:13:13-17:29
23                <action android:name="android.intent.action.MAIN" />
23-->src/main/AndroidManifest.xml:14:17-69
23-->src/main/AndroidManifest.xml:14:25-66
24
25                <category android:name="android.intent.category.LAUNCHER" />
25-->src/main/AndroidManifest.xml:16:17-77
25-->src/main/AndroidManifest.xml:16:27-74
26            </intent-filter>
27        </activity>
28        <activity
28-->[com.google.android.gms:play-services-auth:19.2.0] AndroidManifest.xml:23:9-27:75
29            android:name="com.google.android.gms.auth.api.signin.internal.SignInHubActivity"
29-->[com.google.android.gms:play-services-auth:19.2.0] AndroidManifest.xml:24:13-93
30            android:excludeFromRecents="true"
30-->[com.google.android.gms:play-services-auth:19.2.0] AndroidManifest.xml:25:13-46
31            android:exported="false"
31-->[com.google.android.gms:play-services-auth:19.2.0] AndroidManifest.xml:26:13-37
32            android:theme="@android:style/Theme.Translucent.NoTitleBar" />
32-->[com.google.android.gms:play-services-auth:19.2.0] AndroidManifest.xml:27:13-72
33        <!--
34            Service handling Google Sign-In user revocation. For apps that do not integrate with
35            Google Sign-In, this service will never be started.
36        -->
37        <service
37-->[com.google.android.gms:play-services-auth:19.2.0] AndroidManifest.xml:33:9-37:51
38            android:name="com.google.android.gms.auth.api.signin.RevocationBoundService"
38-->[com.google.android.gms:play-services-auth:19.2.0] AndroidManifest.xml:34:13-89
39            android:exported="true"
39-->[com.google.android.gms:play-services-auth:19.2.0] AndroidManifest.xml:35:13-36
40            android:permission="com.google.android.gms.auth.api.signin.permission.REVOCATION_NOTIFICATION"
40-->[com.google.android.gms:play-services-auth:19.2.0] AndroidManifest.xml:36:13-107
41            android:visibleToInstantApps="true" />
41-->[com.google.android.gms:play-services-auth:19.2.0] AndroidManifest.xml:37:13-48
42
43        <activity
43-->[com.google.android.gms:play-services-base:17.5.0] AndroidManifest.xml:23:9-26:75
44            android:name="com.google.android.gms.common.api.GoogleApiActivity"
44-->[com.google.android.gms:play-services-base:17.5.0] AndroidManifest.xml:24:13-79
45            android:exported="false"
45-->[com.google.android.gms:play-services-base:17.5.0] AndroidManifest.xml:25:13-37
46            android:theme="@android:style/Theme.Translucent.NoTitleBar" />
46-->[com.google.android.gms:play-services-base:17.5.0] AndroidManifest.xml:26:13-72
47
48        <meta-data
48-->[com.google.android.gms:play-services-basement:17.5.0] AndroidManifest.xml:23:9-25:69
49            android:name="com.google.android.gms.version"
49-->[com.google.android.gms:play-services-basement:17.5.0] AndroidManifest.xml:24:13-58
50            android:value="@integer/google_play_services_version" />
50-->[com.google.android.gms:play-services-basement:17.5.0] AndroidManifest.xml:25:13-66
51    </application>
52
53</manifest>